SF:lib\src\pokemon_repository.dart
DA:11,1
DA:15,1
DA:17,2
DA:20,0
DA:22,0
LF:5
LH:3
end_of_record
SF:lib\src\api\pokemon_api.dart
DA:12,1
DA:14,0
DA:16,1
DA:17,3
DA:18,2
DA:21,1
DA:25,0
DA:28,0
DA:29,0
DA:31,0
DA:35,0
LF:11
LH:5
end_of_record
SF:lib\src\api\models\pokemon.dart
DA:10,1
DA:16,0
DA:17,0
DA:18,0
LF:4
LH:1
end_of_record
SF:lib\src\api\models\pokemon.g.dart
DA:9,0
DA:10,0
DA:11,0
DA:12,0
DA:15,0
DA:16,0
DA:17,0
DA:18,0
LF:8
LH:0
end_of_record
SF:lib\src\api\models\poke_color.dart
DA:9,0
DA:14,0
DA:15,0
DA:16,0
LF:4
LH:0
end_of_record
SF:lib\src\api\models\poke_color.g.dart
DA:9,0
DA:10,0
DA:11,0
DA:14,0
DA:15,0
DA:16,0
DA:17,0
LF:7
LH:0
end_of_record
SF:lib\src\api\models\poke_colors.dart
DA:10,0
DA:14,0
DA:15,0
DA:16,0
LF:4
LH:0
end_of_record
SF:lib\src\api\models\poke_colors.g.dart
DA:9,0
DA:10,0
DA:11,0
DA:12,0
DA:13,0
DA:16,0
DA:17,0
DA:18,0
LF:8
LH:0
end_of_record
