SF:lib\home\bloc\joke\joke_state.dart
DA:7,1
DA:8,1
DA:12,1
DA:13,1
DA:19,2
DA:23,1
DA:24,2
DA:30,2
DA:34,1
DA:35,2
LF:10
LH:10
end_of_record
SF:lib\home\bloc\joke\joke_event.dart
DA:7,1
DA:8,1
DA:13,2
DA:17,1
DA:18,2
LF:5
LH:5
end_of_record
SF:lib\home\bloc\joke\joke_bloc.dart
DA:14,1
DA:16,2
DA:18,1
DA:22,3
DA:23,1
DA:25,2
DA:26,1
DA:27,2
DA:28,1
DA:33,1
DA:35,3
DA:36,2
DA:37,1
DA:38,2
DA:39,1
DA:45,1
DA:49,2
DA:50,1
DA:51,2
DA:52,1
DA:53,2
LF:21
LH:21
end_of_record
SF:lib\home\bloc\category\category_state.dart
DA:6,1
DA:7,1
DA:13,3
DA:17,1
DA:18,2
LF:5
LH:5
end_of_record
SF:lib\home\bloc\category\category_bloc.dart
DA:8,3
DA:10,1
DA:11,2
DA:12,3
DA:14,2
DA:19,1
DA:22,1
DA:23,2
LF:8
LH:8
end_of_record
SF:lib\home\bloc\category\category_event.dart
DA:7,1
DA:11,1
DA:12,2
LF:3
LH:3
end_of_record
SF:lib\home\bloc\pokemon\pokemon_state.dart
DA:6,1
DA:7,1
DA:11,1
DA:12,1
DA:17,2
DA:20,1
DA:21,2
DA:26,2
DA:30,1
DA:31,2
LF:10
LH:10
end_of_record
SF:lib\home\bloc\pokemon\pokemon_bloc.dart
DA:13,1
DA:15,2
DA:17,1
DA:19,2
DA:21,4
DA:22,2
DA:23,1
DA:24,3
DA:29,1
DA:32,1
DA:33,2
LF:11
LH:11
end_of_record
SF:lib\home\bloc\pokemon\pokemon_event.dart
DA:7,2
DA:11,1
DA:12,1
DA:16,1
DA:17,1
LF:5
LH:5
end_of_record
SF:lib\home\views\home_page.dart
DA:9,1
DA:11,1
DA:13,1
DA:14,1
DA:17,1
DA:20,1
DA:22,1
DA:25,1
DA:26,1
DA:27,1
DA:28,1
DA:29,3
DA:30,3
DA:32,1
DA:33,2
DA:34,2
DA:37,3
DA:43,1
LF:18
LH:18
end_of_record
SF:lib\home\widgets\category_dropdown.dart
DA:6,6
DA:8,2
DA:10,2
DA:11,2
DA:12,2
DA:14,4
DA:33,10
DA:34,0
DA:35,0
DA:36,0
LF:10
LH:7
end_of_record
SF:lib\home\widgets\fucking_button.dart
DA:4,2
DA:7,2
DA:11,2
DA:12,2
DA:21,2
DA:23,2
DA:24,4
DA:28,4
DA:31,4
DA:32,4
DA:35,4
DA:36,6
DA:37,2
DA:38,2
DA:39,2
DA:40,2
DA:43,6
DA:44,4
DA:46,4
DA:49,2
DA:51,4
DA:52,2
DA:55,2
DA:57,2
DA:59,2
DA:61,2
DA:62,2
DA:66,4
DA:67,2
DA:68,2
DA:69,2
DA:70,2
DA:71,10
DA:74,2
LF:34
LH:34
end_of_record
SF:lib\home\widgets\joke_text.dart
DA:7,6
DA:9,2
DA:11,2
DA:12,2
DA:13,2
DA:14,1
DA:15,2
DA:19,2
DA:24,2
DA:25,1
DA:26,1
LF:11
LH:11
end_of_record
SF:lib\home\widgets\pokemon_column.dart
DA:7,6
DA:9,2
DA:11,2
DA:12,2
DA:13,2
DA:14,1
DA:15,1
DA:16,1
DA:17,4
DA:20,1
DA:21,5
DA:28,2
DA:33,2
DA:34,1
DA:35,1
DA:54,1
DA:55,5
DA:56,3
DA:57,1
DA:58,3
DA:59,1
LF:21
LH:21
end_of_record
