SF:lib\home\bloc\joke\joke_state.dart
DA:7,1
DA:8,1
DA:12,1
DA:13,1
DA:19,1
DA:23,1
DA:24,2
DA:30,1
DA:34,1
DA:35,2
LF:10
LH:10
end_of_record
SF:lib\home\bloc\joke\joke_event.dart
DA:7,1
DA:8,1
DA:13,1
DA:17,1
DA:18,2
LF:5
LH:5
end_of_record
SF:lib\home\bloc\joke\joke_bloc.dart
DA:14,2
DA:16,4
DA:18,1
DA:22,3
DA:23,1
DA:25,2
DA:26,1
DA:27,2
DA:28,1
DA:33,1
DA:35,3
DA:36,2
DA:37,1
DA:38,2
DA:39,1
DA:45,1
DA:49,2
DA:50,1
DA:51,2
DA:52,1
DA:53,2
LF:21
LH:21
end_of_record
SF:lib\home\bloc\category\category_state.dart
DA:6,1
DA:7,1
DA:13,1
DA:17,1
DA:18,2
LF:5
LH:5
end_of_record
SF:lib\home\bloc\category\category_bloc.dart
DA:8,6
DA:10,1
DA:11,2
DA:12,3
DA:14,2
DA:19,1
DA:22,1
DA:23,2
LF:8
LH:8
end_of_record
SF:lib\home\bloc\category\category_event.dart
DA:7,1
DA:11,1
DA:12,2
LF:3
LH:3
end_of_record
SF:lib\home\bloc\pokemon\pokemon_state.dart
DA:6,0
DA:7,0
DA:11,0
DA:12,0
DA:17,0
DA:20,0
DA:21,0
DA:26,0
DA:30,0
DA:31,0
LF:10
LH:0
end_of_record
SF:lib\home\bloc\pokemon\pokemon_bloc.dart
DA:11,1
DA:13,2
DA:16,0
DA:19,0
DA:21,0
DA:22,0
DA:23,0
DA:25,0
DA:27,0
LF:9
LH:2
end_of_record
SF:lib\home\bloc\pokemon\pokemon_event.dart
DA:6,0
DA:7,0
DA:11,0
DA:12,0
LF:4
LH:0
end_of_record
SF:lib\main.dart
DA:11,3
DA:13,0
DA:14,0
DA:15,0
DA:16,0
DA:18,0
DA:19,0
DA:20,0
DA:22,0
DA:26,2
DA:28,0
DA:30,1
DA:32,1
DA:33,2
DA:34,1
DA:35,1
DA:36,1
DA:37,2
DA:38,2
DA:41,1
DA:42,2
DA:43,2
DA:46,1
DA:47,2
LF:24
LH:15
end_of_record
SF:lib\home\views\home_page.dart
DA:9,1
DA:11,1
DA:13,1
DA:14,1
DA:16,1
DA:17,1
DA:20,1
DA:23,1
DA:25,1
DA:26,1
DA:27,1
DA:28,1
DA:29,0
DA:30,0
DA:31,0
DA:32,0
DA:35,0
DA:36,0
DA:37,0
DA:44,1
DA:48,1
DA:49,0
DA:50,0
DA:61,1
DA:62,1
DA:63,1
DA:64,0
DA:65,0
DA:69,1
DA:73,1
DA:74,0
DA:75,0
DA:86,1
DA:87,1
DA:88,1
DA:89,0
DA:90,0
DA:91,0
DA:92,0
DA:93,0
DA:96,0
DA:102,1
DA:104,1
DA:105,1
DA:121,0
DA:122,0
DA:123,0
DA:124,0
DA:125,0
DA:126,0
DA:127,0
LF:51
LH:25
end_of_record
SF:lib\home\widgets\category_dropdown.dart
DA:6,1
DA:8,1
DA:10,1
DA:11,1
DA:12,1
DA:13,1
DA:32,5
DA:33,0
DA:34,0
DA:35,0
LF:10
LH:7
end_of_record
SF:lib\home\widgets\fucking_button.dart
DA:4,1
DA:7,1
DA:11,1
DA:12,1
DA:21,1
DA:23,1
DA:24,2
DA:28,2
DA:31,2
DA:32,2
DA:35,2
DA:36,3
DA:37,1
DA:38,2
DA:39,1
DA:40,2
DA:43,3
DA:44,2
DA:46,2
DA:49,1
DA:51,2
DA:52,1
DA:55,1
DA:57,1
DA:59,1
DA:61,1
DA:62,1
DA:66,2
DA:67,1
DA:68,1
DA:69,1
DA:70,1
DA:71,5
DA:74,1
LF:34
LH:34
end_of_record
